Thu Apr 04 2019 12:33:42 GMT+0800 (CST) - 服务已经启动
Thu Apr 04 2019 12:33:46 GMT+0800 (CST) - /login.html
Thu Apr 04 2019 12:33:46 GMT+0800 (CST) - /1.jpg
Thu Apr 04 2019 12:44:20 GMT+0800 (CST) - 服务已经启动
Thu Apr 04 2019 12:44:23 GMT+0800 (CST) - /login.html
Thu Apr 04 2019 12:44:23 GMT+0800 (CST) - /1.jpg
Thu Apr 04 2019 12:44:33 GMT+0800 (CST) - /hasUser
Thu Apr 04 2019 12:44:40 GMT+0800 (CST) - /login
Thu Apr 04 2019 12:48:17 GMT+0800 (CST) - 服务已经启动
Thu Apr 04 2019 12:48:21 GMT+0800 (CST) - /hasUser
Thu Apr 04 2019 12:48:33 GMT+0800 (CST) - /login
Thu Apr 04 2019 12:49:22 GMT+0800 (CST) - 服务已经启动
Thu Apr 04 2019 13:00:50 GMT+0800 (CST) - 服务已经启动
Thu Apr 04 2019 13:00:53 GMT+0800 (CST) - /hasUser
Thu Apr 04 2019 13:00:57 GMT+0800 (CST) - /hasUser
Thu Apr 04 2019 13:00:58 GMT+0800 (CST) - /hasUser
Thu Apr 04 2019 13:01:08 GMT+0800 (CST) - /hasUser
Thu Apr 04 2019 13:01:12 GMT+0800 (CST) - /hasUser
Thu Apr 04 2019 13:01:15 GMT+0800 (CST) - /login
Thu Apr 04 2019 13:01:38 GMT+0800 (CST) - 服务已经启动
Thu Apr 04 2019 13:01:40 GMT+0800 (CST) - /login
Thu Apr 04 2019 13:02:12 GMT+0800 (CST) - 服务已经启动
Thu Apr 04 2019 13:02:15 GMT+0800 (CST) - /hasUser
Thu Apr 04 2019 13:02:21 GMT+0800 (CST) - /hasUser
Thu Apr 04 2019 13:02:21 GMT+0800 (CST) - /login
Thu Apr 04 2019 13:02:23 GMT+0800 (CST) - /main.html
Thu Apr 04 2019 13:02:23 GMT+0800 (CST) - /taobao/demo.css
Thu Apr 04 2019 13:02:23 GMT+0800 (CST) - /img/pic5.png
Thu Apr 04 2019 13:02:23 GMT+0800 (CST) - /img/smalllogo1.png
Thu Apr 04 2019 13:02:23 GMT+0800 (CST) - /img/smalllogo2.png
Thu Apr 04 2019 13:02:23 GMT+0800 (CST) - /img/smalllogo3.png
Thu Apr 04 2019 13:02:23 GMT+0800 (CST) - /img/smalllogo4.png
Thu Apr 04 2019 13:02:23 GMT+0800 (CST) - /img/smalllogo5.png
Thu Apr 04 2019 13:02:23 GMT+0800 (CST) - /img/smalllogo6.png
Thu Apr 04 2019 13:02:23 GMT+0800 (CST) - /img/smalllogo7.png
Thu Apr 04 2019 13:02:23 GMT+0800 (CST) - /img/smalllogo8.png
Thu Apr 04 2019 13:02:23 GMT+0800 (CST) - /img/smalllogo9.png
Thu Apr 04 2019 13:02:23 GMT+0800 (CST) - /img/smalllogo10.png
Thu Apr 04 2019 13:02:23 GMT+0800 (CST) - /taobao/img/xsj.png
Thu Apr 04 2019 13:02:23 GMT+0800 (CST) - /taobao/img/gwc.png
Thu Apr 04 2019 13:02:23 GMT+0800 (CST) - /taobao/img/star.png
Thu Apr 04 2019 13:02:23 GMT+0800 (CST) - /taobao/img/dh.png
Thu Apr 04 2019 13:02:23 GMT+0800 (CST) - /taobao/img/logo.gif
Thu Apr 04 2019 13:02:23 GMT+0800 (CST) - /taobao/img/fdj.png
Thu Apr 04 2019 13:02:23 GMT+0800 (CST) - /taobao/img/camera.png
Thu Apr 04 2019 13:02:23 GMT+0800 (CST) - /taobao/img/ewm.png
Thu Apr 04 2019 13:02:23 GMT+0800 (CST) - /taobao/img/yjt.png
Thu Apr 04 2019 13:02:23 GMT+0800 (CST) - /taobao/img/pic2.png
Thu Apr 04 2019 13:02:23 GMT+0800 (CST) - /taobao/img/tm.png
Thu Apr 04 2019 13:02:23 GMT+0800 (CST) - /taobao/img/pic3.png
Thu Apr 04 2019 13:02:23 GMT+0800 (CST) - /taobao/img/tbtt.png
Thu Apr 04 2019 13:02:23 GMT+0800 (CST) - /taobao/img/pic1.png
Thu Apr 04 2019 13:02:23 GMT+0800 (CST) - /taobao/img/pic4.png
Thu Apr 04 2019 13:02:23 GMT+0800 (CST) - /taobao/img/bg.png
Thu Apr 04 2019 13:02:23 GMT+0800 (CST) - /taobao/img/tx.jpg
Thu Apr 04 2019 13:02:23 GMT+0800 (CST) - /taobao/img/pics.png
Thu Apr 04 2019 13:03:09 GMT+0800 (CST) - 服务已经启动
Thu Apr 04 2019 13:03:34 GMT+0800 (CST) - 服务已经启动
Thu Apr 04 2019 13:03:36 GMT+0800 (CST) - /taobao/img/up.png
Thu Apr 04 2019 13:03:39 GMT+0800 (CST) - /hasUser
Thu Apr 04 2019 13:04:02 GMT+0800 (CST) - 服务已经启动
Thu Apr 04 2019 13:04:05 GMT+0800 (CST) - /hasUser
Thu Apr 04 2019 13:04:14 GMT+0800 (CST) - 服务已经启动
Thu Apr 04 2019 13:04:16 GMT+0800 (CST) - /hasUser
Thu Apr 04 2019 13:05:22 GMT+0800 (CST) - 服务已经启动
Thu Apr 04 2019 13:05:25 GMT+0800 (CST) - /hasUser
Thu Apr 04 2019 13:05:31 GMT+0800 (CST) - /login.html
Thu Apr 04 2019 13:05:31 GMT+0800 (CST) - /1.jpg
Thu Apr 04 2019 13:05:51 GMT+0800 (CST) - /hasUser
Thu Apr 04 2019 13:06:22 GMT+0800 (CST) - 服务已经启动
Thu Apr 04 2019 13:06:24 GMT+0800 (CST) - /hasUser
Thu Apr 04 2019 13:06:50 GMT+0800 (CST) - 服务已经启动
Thu Apr 04 2019 13:06:53 GMT+0800 (CST) - /hasUser
Thu Apr 04 2019 13:07:16 GMT+0800 (CST) - 服务已经启动
Thu Apr 04 2019 13:07:21 GMT+0800 (CST) - /hasUser
Thu Apr 04 2019 13:07:47 GMT+0800 (CST) - 服务已经启动
Thu Apr 04 2019 13:07:50 GMT+0800 (CST) - /hasUser
Thu Apr 04 2019 13:07:52 GMT+0800 (CST) - /hasUser
Thu Apr 04 2019 13:07:53 GMT+0800 (CST) - /hasUser
Thu Apr 04 2019 13:08:07 GMT+0800 (CST) - /login.html
Thu Apr 04 2019 13:08:07 GMT+0800 (CST) - /1.jpg
Thu Apr 04 2019 13:08:10 GMT+0800 (CST) - /hasUser
Thu Apr 04 2019 13:08:42 GMT+0800 (CST) - 服务已经启动
Thu Apr 04 2019 13:08:45 GMT+0800 (CST) - /hasUser
Thu Apr 04 2019 13:11:44 GMT+0800 (CST) - /hasUser
Thu Apr 04 2019 13:11:47 GMT+0800 (CST) - /login
Thu Apr 04 2019 13:11:48 GMT+0800 (CST) - /main.html
Thu Apr 04 2019 13:11:48 GMT+0800 (CST) - /taobao/demo.css
Thu Apr 04 2019 13:11:48 GMT+0800 (CST) - /img/pic5.png
Thu Apr 04 2019 13:11:48 GMT+0800 (CST) - /img/smalllogo1.png
Thu Apr 04 2019 13:11:48 GMT+0800 (CST) - /img/smalllogo2.png
Thu Apr 04 2019 13:11:48 GMT+0800 (CST) - /img/smalllogo4.png
Thu Apr 04 2019 13:11:48 GMT+0800 (CST) - /img/smalllogo3.png
Thu Apr 04 2019 13:11:48 GMT+0800 (CST) - /img/smalllogo6.png
Thu Apr 04 2019 13:11:48 GMT+0800 (CST) - /img/smalllogo5.png
Thu Apr 04 2019 13:11:48 GMT+0800 (CST) - /img/smalllogo7.png
Thu Apr 04 2019 13:11:48 GMT+0800 (CST) - /img/smalllogo8.png
Thu Apr 04 2019 13:11:48 GMT+0800 (CST) - /img/smalllogo9.png
Thu Apr 04 2019 13:11:48 GMT+0800 (CST) - /img/smalllogo10.png
Thu Apr 04 2019 13:11:48 GMT+0800 (CST) - /taobao/img/xsj.png
Thu Apr 04 2019 13:11:48 GMT+0800 (CST) - /taobao/img/gwc.png
Thu Apr 04 2019 13:11:48 GMT+0800 (CST) - /taobao/img/star.png
Thu Apr 04 2019 13:11:48 GMT+0800 (CST) - /taobao/img/dh.png
Thu Apr 04 2019 13:11:48 GMT+0800 (CST) - /taobao/img/logo.gif
Thu Apr 04 2019 13:11:48 GMT+0800 (CST) - /taobao/img/fdj.png
Thu Apr 04 2019 13:11:48 GMT+0800 (CST) - /taobao/img/camera.png
Thu Apr 04 2019 13:11:48 GMT+0800 (CST) - /taobao/img/ewm.png
Thu Apr 04 2019 13:11:48 GMT+0800 (CST) - /taobao/img/yjt.png
Thu Apr 04 2019 13:11:48 GMT+0800 (CST) - /taobao/img/pic2.png
Thu Apr 04 2019 13:11:48 GMT+0800 (CST) - /taobao/img/tm.png
Thu Apr 04 2019 13:11:48 GMT+0800 (CST) - /taobao/img/pic3.png
Thu Apr 04 2019 13:11:48 GMT+0800 (CST) - /taobao/img/tbtt.png
Thu Apr 04 2019 13:11:48 GMT+0800 (CST) - /taobao/img/pic1.png
Thu Apr 04 2019 13:11:48 GMT+0800 (CST) - /taobao/img/pic4.png
Thu Apr 04 2019 13:11:48 GMT+0800 (CST) - /taobao/img/bg.png
Thu Apr 04 2019 13:11:48 GMT+0800 (CST) - /taobao/img/pics.png
Thu Apr 04 2019 13:11:48 GMT+0800 (CST) - /taobao/img/tx.jpg
Thu Apr 04 2019 13:11:49 GMT+0800 (CST) - /taobao/img/up.png
Thu Apr 04 2019 13:12:13 GMT+0800 (CST) - /main.html
Thu Apr 04 2019 13:12:13 GMT+0800 (CST) - /taobao/demo.css
Thu Apr 04 2019 13:12:13 GMT+0800 (CST) - /img/pic5.png
Thu Apr 04 2019 13:12:13 GMT+0800 (CST) - /img/smalllogo1.png
Thu Apr 04 2019 13:12:13 GMT+0800 (CST) - /img/smalllogo2.png
Thu Apr 04 2019 13:12:13 GMT+0800 (CST) - /img/smalllogo3.png
Thu Apr 04 2019 13:12:13 GMT+0800 (CST) - /img/smalllogo4.png
Thu Apr 04 2019 13:12:13 GMT+0800 (CST) - /img/smalllogo6.png
Thu Apr 04 2019 13:12:13 GMT+0800 (CST) - /img/smalllogo5.png
Thu Apr 04 2019 13:12:13 GMT+0800 (CST) - /img/smalllogo7.png
Thu Apr 04 2019 13:12:13 GMT+0800 (CST) - /img/smalllogo8.png
Thu Apr 04 2019 13:12:13 GMT+0800 (CST) - /img/smalllogo9.png
Thu Apr 04 2019 13:12:13 GMT+0800 (CST) - /img/smalllogo10.png
Thu Apr 04 2019 13:12:13 GMT+0800 (CST) - /taobao/img/xsj.png
Thu Apr 04 2019 13:12:13 GMT+0800 (CST) - /taobao/img/gwc.png
Thu Apr 04 2019 13:12:13 GMT+0800 (CST) - /taobao/img/star.png
Thu Apr 04 2019 13:12:13 GMT+0800 (CST) - /taobao/img/dh.png
Thu Apr 04 2019 13:12:13 GMT+0800 (CST) - /taobao/img/logo.gif
Thu Apr 04 2019 13:12:13 GMT+0800 (CST) - /taobao/img/fdj.png
Thu Apr 04 2019 13:12:13 GMT+0800 (CST) - /taobao/img/camera.png
Thu Apr 04 2019 13:12:13 GMT+0800 (CST) - /taobao/img/ewm.png
Thu Apr 04 2019 13:12:13 GMT+0800 (CST) - /taobao/img/yjt.png
Thu Apr 04 2019 13:12:13 GMT+0800 (CST) - /taobao/img/pic2.png
Thu Apr 04 2019 13:12:13 GMT+0800 (CST) - /taobao/img/pic3.png
Thu Apr 04 2019 13:12:13 GMT+0800 (CST) - /taobao/img/tm.png
Thu Apr 04 2019 13:12:13 GMT+0800 (CST) - /taobao/img/bg.png
Thu Apr 04 2019 13:12:13 GMT+0800 (CST) - /taobao/img/tbtt.png
Thu Apr 04 2019 13:12:13 GMT+0800 (CST) - /taobao/img/pic1.png
Thu Apr 04 2019 13:12:13 GMT+0800 (CST) - /taobao/img/pic4.png
Thu Apr 04 2019 13:12:13 GMT+0800 (CST) - /taobao/img/tx.jpg
Thu Apr 04 2019 13:12:13 GMT+0800 (CST) - /taobao/img/pics.png
Thu Apr 04 2019 13:12:19 GMT+0800 (CST) - /hasUser
Thu Apr 04 2019 13:12:21 GMT+0800 (CST) - /hasUser
Thu Apr 04 2019 13:12:40 GMT+0800 (CST) - /main.html
Thu Apr 04 2019 13:12:40 GMT+0800 (CST) - /login.html
Thu Apr 04 2019 13:12:40 GMT+0800 (CST) - /1.jpg
Thu Apr 04 2019 13:12:45 GMT+0800 (CST) - /hasUser
Thu Apr 04 2019 13:12:48 GMT+0800 (CST) - /login
Thu Apr 04 2019 13:12:49 GMT+0800 (CST) - /main.html
Thu Apr 04 2019 13:12:49 GMT+0800 (CST) - /taobao/demo.css
Thu Apr 04 2019 13:12:49 GMT+0800 (CST) - /img/pic5.png
Thu Apr 04 2019 13:12:49 GMT+0800 (CST) - /img/smalllogo1.png
Thu Apr 04 2019 13:12:49 GMT+0800 (CST) - /img/smalllogo2.png
Thu Apr 04 2019 13:12:49 GMT+0800 (CST) - /img/smalllogo3.png
Thu Apr 04 2019 13:12:49 GMT+0800 (CST) - /img/smalllogo4.png
Thu Apr 04 2019 13:12:49 GMT+0800 (CST) - /img/smalllogo5.png
Thu Apr 04 2019 13:12:49 GMT+0800 (CST) - /img/smalllogo6.png
Thu Apr 04 2019 13:12:49 GMT+0800 (CST) - /img/smalllogo7.png
Thu Apr 04 2019 13:12:49 GMT+0800 (CST) - /img/smalllogo8.png
Thu Apr 04 2019 13:12:49 GMT+0800 (CST) - /img/smalllogo9.png
Thu Apr 04 2019 13:12:49 GMT+0800 (CST) - /img/smalllogo10.png
Thu Apr 04 2019 13:12:49 GMT+0800 (CST) - /taobao/img/xsj.png
Thu Apr 04 2019 13:12:49 GMT+0800 (CST) - /taobao/img/gwc.png
Thu Apr 04 2019 13:12:49 GMT+0800 (CST) - /taobao/img/star.png
Thu Apr 04 2019 13:12:49 GMT+0800 (CST) - /taobao/img/dh.png
Thu Apr 04 2019 13:12:49 GMT+0800 (CST) - /taobao/img/logo.gif
Thu Apr 04 2019 13:12:49 GMT+0800 (CST) - /taobao/img/camera.png
Thu Apr 04 2019 13:12:49 GMT+0800 (CST) - /taobao/img/fdj.png
Thu Apr 04 2019 13:12:49 GMT+0800 (CST) - /taobao/img/ewm.png
Thu Apr 04 2019 13:12:49 GMT+0800 (CST) - /taobao/img/yjt.png
Thu Apr 04 2019 13:12:49 GMT+0800 (CST) - /taobao/img/pic2.png
Thu Apr 04 2019 13:12:49 GMT+0800 (CST) - /taobao/img/tm.png
Thu Apr 04 2019 13:12:49 GMT+0800 (CST) - /taobao/img/pic3.png
Thu Apr 04 2019 13:12:49 GMT+0800 (CST) - /taobao/img/tbtt.png
Thu Apr 04 2019 13:12:49 GMT+0800 (CST) - /taobao/img/pic1.png
Thu Apr 04 2019 13:12:49 GMT+0800 (CST) - /taobao/img/pic4.png
Thu Apr 04 2019 13:12:49 GMT+0800 (CST) - /taobao/img/bg.png
Thu Apr 04 2019 13:12:49 GMT+0800 (CST) - /taobao/img/tx.jpg
Thu Apr 04 2019 13:12:49 GMT+0800 (CST) - /taobao/img/pics.png
Thu Apr 04 2019 13:12:53 GMT+0800 (CST) - /sign.html
